<?xml version="1.0" encoding="UTF-8"?>
<!-- Generated by org.testng.reporters.JUnitReportReporter -->
<testsuite hostname="INGBTCPIC5NB739" name="com.grid.HubNode.SampleClass" tests="1" failures="0" timestamp="21 Jul 2016 03:28:38 GMT" time="0.011" errors="0">
  <testcase name="sample" time="0.011" classname="com.grid.HubNode.SampleClass"/>
</testsuite> <!-- com.grid.HubNode.SampleClass -->
