<?xml version="1.0" encoding="UTF-8"?>
<!-- Generated by org.testng.reporters.JUnitReportReporter -->
<testsuite hostname="INGBTCPIC5NB739" name="com.grid.HubNode.HubToNode" tests="2" failures="0" timestamp="23 Jul 2016 13:09:24 GMT" time="18.924" errors="0">
  <testcase name="hubNode" time="7.010" classname="com.grid.HubNode.HubToNode"/>
  <testcase name="hubNode" time="11.914" classname="com.grid.HubNode.HubToNode"/>
</testsuite> <!-- com.grid.HubNode.HubToNode -->
